{
  "stats": {
    "suites": 1,
    "tests": 2,
    "passes": 2,
    "pending": 0,
    "failures": 0,
    "start": "2023-08-03T11:32:34.612Z",
    "end": "2023-08-03T11:33:03.748Z",
    "duration": 29136,
    "testsRegistered": 2,
    "passPercent": 100,
    "pendingPercent": 0,
    "other": 0,
    "hasOther": false,
    "skipped": 0,
    "hasSkipped": false
  },
  "results": [
    {
      "uuid": "f7b34192-5958-4030-92b4-ac61aafd5c2c",
      "title": "",
      "fullFile": "cypress/integration/cadastro.spec.js",
      "file": "cypress/integration/cadastro.spec.js",
      "beforeHooks": [],
      "afterHooks": [],
      "tests": [],
      "suites": [
        {
          "uuid": "9e55b156-f6f6-4d7a-98d8-ff4275dcfc5f",
          "title": "Cadastro",
          "fullFile": "",
          "file": "",
          "beforeHooks": [],
          "afterHooks": [],
          "tests": [
            {
              "title": "Ao informar os dados o usuário deve ser cadastrado",
              "fullTitle": "Cadastro Ao informar os dados o usuário deve ser cadastrado",
              "timedOut": null,
              "duration": 22681,
              "state": "passed",
              "speed": "slow",
              "pass": true,
              "fail": false,
              "pending": false,
              "context": null,
              "code": "cy.visit('https://www.automationexercise.com/');\ncy.get('i.fa-lock').click();\ncy.get('input[data-qa=signup-name]').type(chance.name());\ncy.get('input[data-qa=signup-email]').type(chance.email());\ncy.get('button[data-qa=signup-button]').click();\ncy.get('input#id_gender1').check();\ncy.get('input[type=password]').type('112233Cc');\ncy.get('select#days').select('4');\ncy.get('select#months').select('8');\ncy.get('select#years').select('2011');\ncy.get('input#newsletter').check();\ncy.get('input#first_name').type(chance.first());\ncy.get('input#last_name').type(chance.last());\ncy.get('input[name=company]').type(chance.company());\ncy.get('input[name=address1]').type(chance.address());\ncy.get('input[name=address2]').type(chance.address());\ncy.get('select#country').select('Israel');\ncy.get('input#state').type(chance.state());\ncy.get('input#city').type(chance.city());\ncy.get('input[name=zipcode]').type(chance.zip());\ncy.get('input[name=mobile_number]').type(chance.phone());\ncy.get('button[data-qa=create-account]').click();\ncy.url().should('contain', 'created');\ncy.contains('Continue').click();",
              "err": {},
              "uuid": "89493f27-135e-4a21-8987-177bf1d8e53b",
              "parentUUID": "9e55b156-f6f6-4d7a-98d8-ff4275dcfc5f",
              "isHook": false,
              "skipped": false
            },
            {
              "title": "Ao selecionar um item, o mesmo deve seguir para o carrinho",
              "fullTitle": "Cadastro Ao selecionar um item, o mesmo deve seguir para o carrinho",
              "timedOut": null,
              "duration": 3767,
              "state": "passed",
              "speed": "fast",
              "pass": true,
              "fail": false,
              "pending": false,
              "context": null,
              "code": "cy.get('a[data-product-id=\"1\"]').contains('Add to cart').click();\ncy.get('a[href=\"/view_cart\"]').contains(\"View Cart\").click();\ncy.url().should('contain', 'view_cart');\ncy.get('a.check_out').click();\ncy.get('a[href=\"/login\"]').contains(\"Register / Login\").click();\ncy.url().should('contain', 'login');",
              "err": {},
              "uuid": "4fe0bb4d-bf88-44bc-aa45-0b97c12bebba",
              "parentUUID": "9e55b156-f6f6-4d7a-98d8-ff4275dcfc5f",
              "isHook": false,
              "skipped": false
            }
          ],
          "suites": [],
          "passes": [
            "89493f27-135e-4a21-8987-177bf1d8e53b",
            "4fe0bb4d-bf88-44bc-aa45-0b97c12bebba"
          ],
          "failures": [],
          "pending": [],
          "skipped": [],
          "duration": 26448,
          "root": false,
          "rootEmpty": false,
          "_timeout": 2000
        }
      ],
      "passes": [],
      "failures": [],
      "pending": [],
      "skipped": [],
      "duration": 0,
      "root": true,
      "rootEmpty": true,
      "_timeout": 2000
    }
  ],
  "meta": {
    "mocha": {
      "version": "7.0.1"
    },
    "mochawesome": {
      "options": {
        "quiet": true,
        "reportFilename": "mochawesome",
        "saveHtml": false,
        "saveJson": true,
        "consoleReporter": "spec",
        "useInlineDiffs": false,
        "code": true
      },
      "version": "7.1.3"
    },
    "marge": {
      "options": {
        "id": "default",
        "reportDir": "mochawesome-report",
        "quiet": true,
        "overwrite": false,
        "html": false,
        "json": true
      },
      "version": "6.2.0"
    }
  }
}